#
# A fatal error has been detected by the Java Runtime Environment:
#
#  EXCEPTION_ACCESS_VIOLATION (0xc0000005) at pc=0x000000006f25b018, pid=2800, tid=0x0000000000002d6c
#
# JRE version: Java(TM) SE Runtime Environment (8.0_211-b12) (build 1.8.0_211-b12)
# Java VM: Java HotSpot(TM) 64-Bit Server VM (25.211-b12 mixed mode windows-amd64 compressed oops)
# Problematic frame:
# V  [jvm.dll+0x11b018]
#
# Failed to write core dump. Minidumps are not enabled by default on client versions of Windows
#
# If you would like to submit a bug report, please visit:
#   http://bugreport.java.com/bugreport/crash.jsp
#

---------------  T H R E A D  ---------------

Current thread (0x0000000002c09800):  GCTaskThread [stack: 0x0000000012270000,0x0000000012370000] [id=11628]

siginfo: ExceptionCode=0xc0000005, reading address 0xffffffffffffffff

Registers:
RAX=0x0000000012670000, RBX=0x00000000e2001d50, RCX=0x0000000000000000, RDX=0x0000000000000009
RSP=0x000000001236f500, RBP=0x0000000002cde0d0, RSI=0x000000000066004c, RDI=0x00000000e2001db8
R8 =0x007fffffff903300, R9 =0x0000000100001ef8, R10=0x000000000000000c, R11=0x000000006f748c38
R12=0x00000000e2001dfc, R13=0x0000000002c06550, R14=0x0000000002c09b10, R15=0x0000000002c09b20
RIP=0x000000006f25b018, EFLAGS=0x0000000000010206

Top of Stack: (sp=0x000000001236f500)
0x000000001236f500:   00000000e2001d50 0000000002cde0d0
0x000000001236f510:   0000000015b81570 000000006f79afb8
0x000000001236f520:   0000000000000000 000000006f539207
0x000000001236f530:   0000000015b81570 0000000000000000
0x000000001236f540:   000000006f79afb8 0000000002cde0d0
0x000000001236f550:   00000000e04a4c88 0000000000000a00
0x000000001236f560:   0000000015b81570 000000006f53670e
0x000000001236f570:   0000000015e5e6ff 0000000002c09800
0x000000001236f580:   0000000000000000 00000000e2001d50
0x000000001236f590:   0000000002c09800 0000000002c06e90
0x000000001236f5a0:   0000000002c09f00 0000000002c09f10
0x000000001236f5b0:   0000000002c09fe8 00000000000000d8
0x000000001236f5c0:   000000001236f5c8 0000000002c09800
0x000000001236f5d0:   0000000002c06e90 0000000002c09f00
0x000000001236f5e0:   0000000002c09f10 0000000002c09fe8
0x000000001236f5f0:   00000000000000d8 0000000002c065d0 

Instructions: (pc=0x000000006f25b018)
0x000000006f25aff8:   05 e3 ac 70 00 49 c1 e8 03 49 d3 e8 41 0f b6 c0
0x000000006f25b008:   49 c1 e8 06 24 3f 0f b6 d0 48 8b 05 f8 ac 70 00
0x000000006f25b018:   4a 8b 0c c0 48 0f a3 d1 72 3e 48 8b ce e8 36 22
0x000000006f25b028:   ff ff 84 c0 74 32 48 8b d6 48 8b cd e8 17 e3 fe 


Register to memory mapping:

RAX=0x0000000012670000 is an unknown value
RBX=0x00000000e2001d50 is an oop
java.lang.Class 
 - klass: 'java/lang/Class'
RCX=0x0000000000000000 is an unknown value
RDX=0x0000000000000009 is an unknown value
RSP=0x000000001236f500 is an unknown value
RBP=0x0000000002cde0d0 is an unknown value
RSI=0x000000000066004c is an unknown value
RDI=0x00000000e2001db8 is pointing into object: 0x00000000e2001d50
java.lang.Class 
 - klass: 'java/lang/Class'
R8 =0x007fffffff903300 is an unknown value
R9 =0x0000000100001ef8 is pointing into metadata
R10=0x000000000000000c is an unknown value
R11=0x000000006f748c38 is an unknown value
R12=0x00000000e2001dfc is pointing into object: 0x00000000e2001d50
java.lang.Class 
 - klass: 'java/lang/Class'
R13=0x0000000002c06550 is an unknown value
R14=0x0000000002c09b10 is an unknown value
R15=0x0000000002c09b20 is an unknown value


Stack: [0x0000000012270000,0x0000000012370000],  sp=0x000000001236f500,  free space=1021k
Native frames: (J=compiled Java code, j=interpreted, Vv=VM code, C=native code)
V  [jvm.dll+0x11b018]
V  [jvm.dll+0x3f9207]
V  [jvm.dll+0x3f670e]
V  [jvm.dll+0x29fc6a]
C  [msvcr100.dll+0x21d9f]
C  [msvcr100.dll+0x21e3b]
C  [KERNEL32.DLL+0x17bd4]
C  [ntdll.dll+0x6ce51]


---------------  P R O C E S S  ---------------

Java Threads: ( => current thread )
  0x000000001cb7a800 JavaThread "Memory manager" [_thread_blocked, id=2944, stack(0x000000001fc10000,0x000000001fd10000)]
  0x000000001cb7d800 JavaThread "Cache worker for Build Output Cleanup Cache (E:\Things\Estudos\GoStack-11\GoBarber2.0\mobile\android\.gradle\buildOutputCleanup)" [_thread_blocked, id=16000, stack(0x000000001ef10000,0x000000001f010000)]
  0x000000001cb7b000 JavaThread "Build operations Thread 4" [_thread_blocked, id=14364, stack(0x000000001e810000,0x000000001e910000)]
  0x000000001cb79800 JavaThread "Build operations Thread 3" [_thread_blocked, id=9664, stack(0x000000001e710000,0x000000001e810000)]
  0x000000001cb7c800 JavaThread "Build operations Thread 2" [_thread_blocked, id=4056, stack(0x000000001e610000,0x000000001e710000)]
  0x0000000017f21000 JavaThread "Build operations" [_thread_blocked, id=10080, stack(0x000000001e510000,0x000000001e610000)]
  0x0000000017f1f800 JavaThread "Cache worker for execution history cache (C:\Users\tiago.vaz\.gradle\caches\6.0.1\executionHistory)" [_thread_blocked, id=532, stack(0x000000001e210000,0x000000001e310000)]
  0x0000000017f1d000 JavaThread "Cache worker for cache directory md-rule (C:\Users\tiago.vaz\.gradle\caches\6.0.1\md-rule)" [_thread_blocked, id=8496, stack(0x000000001e110000,0x000000001e210000)]
  0x0000000017f23000 JavaThread "Cache worker for cache directory md-supplier (C:\Users\tiago.vaz\.gradle\caches\6.0.1\md-supplier)" [_thread_blocked, id=10924, stack(0x000000001c9f0000,0x000000001caf0000)]
  0x0000000017f21800 JavaThread "Cache worker for file hash cache (E:\Things\Estudos\GoStack-11\GoBarber2.0\mobile\android\.gradle\6.0.1\fileHashes)" [_thread_blocked, id=5720, stack(0x000000001c2e0000,0x000000001c3e0000)]
  0x0000000017f1e000 JavaThread "Cache worker for journal cache (C:\Users\tiago.vaz\.gradle\caches\journal-1)" [_thread_blocked, id=14176, stack(0x0000000019cb0000,0x0000000019db0000)]
  0x0000000017f1c000 JavaThread "File lock request listener" [_thread_in_native, id=10444, stack(0x0000000019bb0000,0x0000000019cb0000)]
  0x0000000017f20000 JavaThread "Cache worker for file hash cache (C:\Users\tiago.vaz\.gradle\caches\6.0.1\fileHashes)" [_thread_blocked, id=3456, stack(0x0000000019ab0000,0x0000000019bb0000)]
  0x0000000017e3c000 JavaThread "Thread-9" [_thread_blocked, id=15612, stack(0x00000000199b0000,0x0000000019ab0000)]
  0x0000000017e44800 JavaThread "Stdin handler" [_thread_blocked, id=13592, stack(0x00000000198b0000,0x00000000199b0000)]
  0x0000000017e5e000 JavaThread "Asynchronous log dispatcher for DefaultDaemonConnection: socket connection from /127.0.0.1:57023 to /127.0.0.1:57024" [_thread_blocked, id=8312, stack(0x00000000197b0000,0x00000000198b0000)]
  0x0000000017e39000 JavaThread "Daemon worker" [_thread_blocked, id=16124, stack(0x00000000194b0000,0x00000000195b0000)]
  0x0000000017e2f000 JavaThread "Cancel handler" [_thread_blocked, id=16232, stack(0x00000000193b0000,0x00000000194b0000)]
  0x0000000017e21000 JavaThread "Handler for socket connection from /127.0.0.1:57023 to /127.0.0.1:57024" [_thread_in_native, id=2956, stack(0x00000000192b0000,0x00000000193b0000)]
  0x0000000017e1f800 JavaThread "Daemon" [_thread_blocked, id=5024, stack(0x00000000191b0000,0x00000000192b0000)]
  0x0000000017d9e000 JavaThread "Daemon periodic checks" [_thread_blocked, id=10576, stack(0x00000000190b0000,0x00000000191b0000)]
  0x0000000017d9c000 JavaThread "Incoming local TCP Connector on port 57023" [_thread_in_native, id=1984, stack(0x0000000018fb0000,0x00000000190b0000)]
  0x0000000017d1c800 JavaThread "Daemon health stats" [_thread_blocked, id=9104, stack(0x0000000018970000,0x0000000018a70000)]
  0x0000000015aa8800 JavaThread "Service Thread" daemon [_thread_blocked, id=11188, stack(0x0000000015e70000,0x0000000015f70000)]
  0x0000000014129800 JavaThread "C1 CompilerThread2" daemon [_thread_blocked, id=9712, stack(0x0000000015970000,0x0000000015a70000)]
  0x000000001411b800 JavaThread "C2 CompilerThread1" daemon [_thread_blocked, id=10276, stack(0x0000000015870000,0x0000000015970000)]
  0x0000000014117000 JavaThread "C2 CompilerThread0" daemon [_thread_blocked, id=12060, stack(0x0000000015770000,0x0000000015870000)]
  0x0000000014115000 JavaThread "Attach Listener" daemon [_thread_blocked, id=14796, stack(0x0000000015670000,0x0000000015770000)]
  0x0000000014114000 JavaThread "Signal Dispatcher" daemon [_thread_blocked, id=15296, stack(0x0000000015570000,0x0000000015670000)]
  0x0000000002cec800 JavaThread "Finalizer" daemon [_thread_blocked, id=6680, stack(0x0000000015360000,0x0000000015460000)]
  0x0000000002ce3800 JavaThread "Reference Handler" daemon [_thread_blocked, id=8888, stack(0x0000000015260000,0x0000000015360000)]
  0x0000000002bf4800 JavaThread "main" [_thread_blocked, id=3816, stack(0x0000000002ab0000,0x0000000002bb0000)]

Other Threads:
  0x00000000140d7000 VMThread [stack: 0x0000000015160000,0x0000000015260000] [id=4064]
  0x0000000015ab1000 WatcherThread [stack: 0x00000000160d0000,0x00000000161d0000] [id=11336]

=>0x0000000002c09800 (exited) GCTaskThread [stack: 0x0000000012270000,0x0000000012370000] [id=11628]

VM state:at safepoint (normal execution)

VM Mutex/Monitor currently owned by a thread:  ([mutex/lock_event])
[0x0000000002bf1150] Threads_lock - owner thread: 0x00000000140d7000
[0x0000000002bf0ed0] Heap_lock - owner thread: 0x0000000017e39000

heap address: 0x00000000e0000000, size: 512 MB, Compressed Oops mode: 32-bit
Narrow klass base: 0x0000000000000000, Narrow klass shift: 3
Compressed class space size: 1073741824 Address: 0x0000000100000000

Heap:
 PSYoungGen      total 142336K, used 15869K [0x00000000f5580000, 0x0000000100000000, 0x0000000100000000)
  eden space 126464K, 0% used [0x00000000f5580000,0x00000000f5580000,0x00000000fd100000)
  from space 15872K, 99% used [0x00000000ff080000,0x00000000fffff7f0,0x0000000100000000)
  to   space 24064K, 0% used [0x00000000fd100000,0x00000000fd100000,0x00000000fe880000)
 ParOldGen       total 175104K, used 33876K [0x00000000e0000000, 0x00000000eab00000, 0x00000000f5580000)
  object space 175104K, 19% used [0x00000000e0000000,0x00000000e21152e0,0x00000000eab00000)
 Metaspace       used 56713K, capacity 59008K, committed 59160K, reserved 1099776K
  class space    used 7909K, capacity 8478K, committed 8576K, reserved 1048576K

Card table byte_map: [0x00000000120b0000,0x00000000121c0000] byte_map_base: 0x00000000119b0000

Marking Bits: (ParMarkBitMap*) 0x000000006f965ce0
 Begin Bits: [0x0000000012670000, 0x0000000012e70000)
 End Bits:   [0x0000000012e70000, 0x0000000013670000)

Polling page: 0x0000000002a20000

CodeCache: size=245760Kb used=17235Kb max_used=17238Kb free=228524Kb
 bounds [0x0000000002cf0000, 0x0000000003de0000, 0x0000000011cf0000]
 total_blobs=5814 nmethods=5018 adapters=707
 compilation: enabled

Compilation events (10 events):
Event: 18.143 Thread 0x0000000014129800 5612       3       org.gradle.internal.metaobject.CompositeDynamicObject::tryInvokeMethod (57 bytes)
Event: 18.143 Thread 0x0000000014129800 nmethod 5612 0x0000000003dcf590 code [0x0000000003dcf720, 0x0000000003dcfba8]
Event: 18.143 Thread 0x0000000014129800 5613       3       org.gradle.internal.extensibility.MixInClosurePropertiesAsMethodsDynamicObject::tryInvokeMethod (154 bytes)
Event: 18.144 Thread 0x0000000014129800 nmethod 5613 0x0000000003dd1a50 code [0x0000000003dd1d40, 0x0000000003dd3558]
Event: 18.148 Thread 0x000000001411b800 5614       4       org.codehaus.groovy.reflection.CachedClass::addSubclassExpandos (138 bytes)
Event: 18.149 Thread 0x000000001411b800 nmethod 5614 0x00000000036db910 code [0x00000000036dba40, 0x00000000036dbad8]
Event: 18.151 Thread 0x0000000014129800 5615       3       org.codehaus.groovy.runtime.callsite.PogoMetaClassSite::checkCall (29 bytes)
Event: 18.151 Thread 0x0000000014129800 nmethod 5615 0x0000000003dd4e10 code [0x0000000003dd4fa0, 0x0000000003dd5468]
Event: 18.151 Thread 0x0000000014129800 5616   !   3       org.codehaus.groovy.runtime.callsite.PogoMetaClassSite::callCurrent (101 bytes)
Event: 18.152 Thread 0x0000000014129800 nmethod 5616 0x0000000003dcde50 code [0x0000000003dce080, 0x0000000003dceff8]

GC Heap History (10 events):
Event: 9.507 GC heap after
Heap after GC invocations=8 (full 1):
 PSYoungGen      total 135168K, used 11336K [0x00000000f5580000, 0x0000000100000000, 0x0000000100000000)
  eden space 122368K, 0% used [0x00000000f5580000,0x00000000f5580000,0x00000000fcd00000)
  from space 12800K, 88% used [0x00000000fcd00000,0x00000000fd8121f0,0x00000000fd980000)
  to   space 13824K, 0% used [0x00000000ff280000,0x00000000ff280000,0x0000000100000000)
 ParOldGen       total 175104K, used 7431K [0x00000000e0000000, 0x00000000eab00000, 0x00000000f5580000)
  object space 175104K, 4% used [0x00000000e0000000,0x00000000e0741ef8,0x00000000eab00000)
 Metaspace       used 34540K, capacity 35462K, committed 35496K, reserved 1079296K
  class space    used 4843K, capacity 5116K, committed 5120K, reserved 1048576K
}
Event: 9.507 GC heap before
{Heap before GC invocations=9 (full 2):
 PSYoungGen      total 135168K, used 11336K [0x00000000f5580000, 0x0000000100000000, 0x0000000100000000)
  eden space 122368K, 0% used [0x00000000f5580000,0x00000000f5580000,0x00000000fcd00000)
  from space 12800K, 88% used [0x00000000fcd00000,0x00000000fd8121f0,0x00000000fd980000)
  to   space 13824K, 0% used [0x00000000ff280000,0x00000000ff280000,0x0000000100000000)
 ParOldGen       total 175104K, used 7431K [0x00000000e0000000, 0x00000000eab00000, 0x00000000f5580000)
  object space 175104K, 4% used [0x00000000e0000000,0x00000000e0741ef8,0x00000000eab00000)
 Metaspace       used 34540K, capacity 35462K, committed 35496K, reserved 1079296K
  class space    used 4843K, capacity 5116K, committed 5120K, reserved 1048576K
Event: 9.578 GC heap after
Heap after GC invocations=9 (full 2):
 PSYoungGen      total 135168K, used 0K [0x00000000f5580000, 0x0000000100000000, 0x0000000100000000)
  eden space 122368K, 0% used [0x00000000f5580000,0x00000000f5580000,0x00000000fcd00000)
  from space 12800K, 0% used [0x00000000fcd00000,0x00000000fcd00000,0x00000000fd980000)
  to   space 13824K, 0% used [0x00000000ff280000,0x00000000ff280000,0x0000000100000000)
 ParOldGen       total 175104K, used 18097K [0x00000000e0000000, 0x00000000eab00000, 0x00000000f5580000)
  object space 175104K, 10% used [0x00000000e0000000,0x00000000e11ac6f8,0x00000000eab00000)
 Metaspace       used 34540K, capacity 35462K, committed 35496K, reserved 1079296K
  class space    used 4843K, capacity 5116K, committed 5120K, reserved 1048576K
}
Event: 11.752 GC heap before
{Heap before GC invocations=10 (full 2):
 PSYoungGen      total 135168K, used 122368K [0x00000000f5580000, 0x0000000100000000, 0x0000000100000000)
  eden space 122368K, 100% used [0x00000000f5580000,0x00000000fcd00000,0x00000000fcd00000)
  from space 12800K, 0% used [0x00000000fcd00000,0x00000000fcd00000,0x00000000fd980000)
  to   space 13824K, 0% used [0x00000000ff280000,0x00000000ff280000,0x0000000100000000)
 ParOldGen       total 175104K, used 18097K [0x00000000e0000000, 0x00000000eab00000, 0x00000000f5580000)
  object space 175104K, 10% used [0x00000000e0000000,0x00000000e11ac6f8,0x00000000eab00000)
 Metaspace       used 45406K, capacity 46774K, committed 46848K, reserved 1089536K
  class space    used 6218K, capacity 6586K, committed 6656K, reserved 1048576K
Event: 11.766 GC heap after
Heap after GC invocations=10 (full 2):
 PSYoungGen      total 156672K, used 13816K [0x00000000f5580000, 0x0000000100000000, 0x0000000100000000)
  eden space 142848K, 0% used [0x00000000f5580000,0x00000000f5580000,0x00000000fe100000)
  from space 13824K, 99% used [0x00000000ff280000,0x00000000ffffe250,0x0000000100000000)
  to   space 15872K, 0% used [0x00000000fe100000,0x00000000fe100000,0x00000000ff080000)
 ParOldGen       total 175104K, used 20176K [0x00000000e0000000, 0x00000000eab00000, 0x00000000f5580000)
  object space 175104K, 11% used [0x00000000e0000000,0x00000000e13b4280,0x00000000eab00000)
 Metaspace       used 45406K, capacity 46774K, committed 46848K, reserved 1089536K
  class space    used 6218K, capacity 6586K, committed 6656K, reserved 1048576K
}
Event: 17.166 GC heap before
{Heap before GC invocations=11 (full 2):
 PSYoungGen      total 156672K, used 156664K [0x00000000f5580000, 0x0000000100000000, 0x0000000100000000)
  eden space 142848K, 100% used [0x00000000f5580000,0x00000000fe100000,0x00000000fe100000)
  from space 13824K, 99% used [0x00000000ff280000,0x00000000ffffe250,0x0000000100000000)
  to   space 15872K, 0% used [0x00000000fe100000,0x00000000fe100000,0x00000000ff080000)
 ParOldGen       total 175104K, used 20176K [0x00000000e0000000, 0x00000000eab00000, 0x00000000f5580000)
  object space 175104K, 11% used [0x00000000e0000000,0x00000000e13b4280,0x00000000eab00000)
 Metaspace       used 53919K, capacity 55994K, committed 56192K, reserved 1097728K
  class space    used 7516K, capacity 8025K, committed 8064K, reserved 1048576K
Event: 17.190 GC heap after
Heap after GC invocations=11 (full 2):
 PSYoungGen      total 158720K, used 15845K [0x00000000f5580000, 0x0000000100000000, 0x0000000100000000)
  eden space 142848K, 0% used [0x00000000f5580000,0x00000000f5580000,0x00000000fe100000)
  from space 15872K, 99% used [0x00000000fe100000,0x00000000ff079700,0x00000000ff080000)
  to   space 15872K, 0% used [0x00000000ff080000,0x00000000ff080000,0x0000000100000000)
 ParOldGen       total 175104K, used 26203K [0x00000000e0000000, 0x00000000eab00000, 0x00000000f5580000)
  object space 175104K, 14% used [0x00000000e0000000,0x00000000e1996e58,0x00000000eab00000)
 Metaspace       used 53919K, capacity 55994K, committed 56192K, reserved 1097728K
  class space    used 7516K, capacity 8025K, committed 8064K, reserved 1048576K
}
Event: 18.156 GC heap before
{Heap before GC invocations=12 (full 2):
 PSYoungGen      total 158720K, used 79277K [0x00000000f5580000, 0x0000000100000000, 0x0000000100000000)
  eden space 142848K, 44% used [0x00000000f5580000,0x00000000f9372048,0x00000000fe100000)
  from space 15872K, 99% used [0x00000000fe100000,0x00000000ff079700,0x00000000ff080000)
  to   space 15872K, 0% used [0x00000000ff080000,0x00000000ff080000,0x0000000100000000)
 ParOldGen       total 175104K, used 26203K [0x00000000e0000000, 0x00000000eab00000, 0x00000000f5580000)
  object space 175104K, 14% used [0x00000000e0000000,0x00000000e1996e58,0x00000000eab00000)
 Metaspace       used 56713K, capacity 59008K, committed 59160K, reserved 1099776K
  class space    used 7909K, capacity 8478K, committed 8576K, reserved 1048576K
Event: 18.177 GC heap after
Heap after GC invocations=12 (full 2):
 PSYoungGen      total 142336K, used 15869K [0x00000000f5580000, 0x0000000100000000, 0x0000000100000000)
  eden space 126464K, 0% used [0x00000000f5580000,0x00000000f5580000,0x00000000fd100000)
  from space 15872K, 99% used [0x00000000ff080000,0x00000000fffff7f0,0x0000000100000000)
  to   space 24064K, 0% used [0x00000000fd100000,0x00000000fd100000,0x00000000fe880000)
 ParOldGen       total 175104K, used 33876K [0x00000000e0000000, 0x00000000eab00000, 0x00000000f5580000)
  object space 175104K, 19% used [0x00000000e0000000,0x00000000e21152e0,0x00000000eab00000)
 Metaspace       used 56713K, capacity 59008K, committed 59160K, reserved 1099776K
  class space    used 7909K, capacity 8478K, committed 8576K, reserved 1048576K
}
Event: 18.177 GC heap before
{Heap before GC invocations=13 (full 3):
 PSYoungGen      total 142336K, used 15869K [0x00000000f5580000, 0x0000000100000000, 0x0000000100000000)
  eden space 126464K, 0% used [0x00000000f5580000,0x00000000f5580000,0x00000000fd100000)
  from space 15872K, 99% used [0x00000000ff080000,0x00000000fffff7f0,0x0000000100000000)
  to   space 24064K, 0% used [0x00000000fd100000,0x00000000fd100000,0x00000000fe880000)
 ParOldGen       total 175104K, used 33876K [0x00000000e0000000, 0x00000000eab00000, 0x00000000f5580000)
  object space 175104K, 19% used [0x00000000e0000000,0x00000000e21152e0,0x00000000eab00000)
 Metaspace       used 56713K, capacity 59008K, committed 59160K, reserved 1099776K
  class space    used 7909K, capacity 8478K, committed 8576K, reserved 1048576K

Deoptimization events (10 events):
Event: 17.126 Thread 0x0000000017e39000 Uncommon trap: reason=array_check action=maybe_recompile pc=0x0000000003bfd9cc method=java.util.AbstractCollection.toArray([Ljava/lang/Object;)[Ljava/lang/Object; @ 119
Event: 17.126 Thread 0x0000000017e39000 Uncommon trap: reason=array_check action=maybe_recompile pc=0x0000000003bfd9cc method=java.util.AbstractCollection.toArray([Ljava/lang/Object;)[Ljava/lang/Object; @ 119
Event: 17.143 Thread 0x0000000017e39000 Uncommon trap: reason=unstable_if action=reinterpret pc=0x00000000037d3d64 method=java.io.WinNTFileSystem.normalize(Ljava/lang/String;)Ljava/lang/String; @ 74
Event: 17.214 Thread 0x0000000017e39000 Uncommon trap: reason=unstable_if action=reinterpret pc=0x00000000033cd090 method=sun.misc.URLClassPath$JarLoader.getResource(Ljava/lang/String;ZLjava/util/Set;)Lsun/misc/Resource; @ 17
Event: 17.237 Thread 0x0000000017e39000 Uncommon trap: reason=unstable_if action=reinterpret pc=0x00000000036c3d78 method=java.lang.Class$MethodArray.removeLessSpecifics()V @ 25
Event: 17.300 Thread 0x0000000017e39000 Uncommon trap: reason=unstable_if action=reinterpret pc=0x0000000003c453d0 method=java.lang.reflect.Executable.printModifiersIfNonzero(Ljava/lang/StringBuilder;IZ)V @ 14
Event: 17.399 Thread 0x0000000017e39000 Uncommon trap: reason=class_check action=maybe_recompile pc=0x0000000002e27c98 method=java.io.BufferedInputStream.read1([BII)I @ 39
Event: 17.399 Thread 0x0000000017e39000 Uncommon trap: reason=class_check action=maybe_recompile pc=0x0000000002e2fd18 method=java.io.BufferedInputStream.read1([BII)I @ 39
Event: 17.707 Thread 0x0000000017e39000 Uncommon trap: reason=bimorphic action=maybe_recompile pc=0x00000000035ef374 method=java.util.Objects.equals(Ljava/lang/Object;Ljava/lang/Object;)Z @ 11
Event: 17.707 Thread 0x0000000017e39000 Uncommon trap: reason=bimorphic action=maybe_recompile pc=0x00000000035ef374 method=java.util.Objects.equals(Ljava/lang/Object;Ljava/lang/Object;)Z @ 11

Classes redefined (0 events):
No events

Internal exceptions (10 events):
Event: 17.939 Thread 0x0000000017e39000 Exception <a 'java/lang/ClassNotFoundException': build_f3kdflfgj5v5fwzu9a9x7z2p7BeanInfo> (0x00000000f8a62310) thrown at [C:\re\workspace\8-2-build-windows-amd64-cygwin\jdk8u211\12973\hotspot\src\share\vm\classfile\systemDictionary.cpp, line 210]
Event: 17.939 Thread 0x0000000017e39000 Exception <a 'java/lang/ClassNotFoundException': build_f3kdflfgj5v5fwzu9a9x7z2p7Customizer> (0x00000000f8a6f268) thrown at [C:\re\workspace\8-2-build-windows-amd64-cygwin\jdk8u211\12973\hotspot\src\share\vm\classfile\systemDictionary.cpp, line 210]
Event: 17.968 Thread 0x0000000017e39000 Exception <a 'java/lang/ClassNotFoundException': build_f3kdflfgj5v5fwzu9a9x7z2p7$_run_closure1BeanInfo> (0x00000000f8b82440) thrown at [C:\re\workspace\8-2-build-windows-amd64-cygwin\jdk8u211\12973\hotspot\src\share\vm\classfile\systemDictionary.cpp, line
Event: 17.969 Thread 0x0000000017e39000 Exception <a 'java/lang/ClassNotFoundException': build_f3kdflfgj5v5fwzu9a9x7z2p7$_run_closure1Customizer> (0x00000000f8b923e0) thrown at [C:\re\workspace\8-2-build-windows-amd64-cygwin\jdk8u211\12973\hotspot\src\share\vm\classfile\systemDictionary.cpp, li
Event: 18.081 Thread 0x0000000017e39000 Exception <a 'java/lang/ClassNotFoundException': build_36p47vgafc9113am1bt7q0odbBeanInfo> (0x00000000f8e1b558) thrown at [C:\re\workspace\8-2-build-windows-amd64-cygwin\jdk8u211\12973\hotspot\src\share\vm\classfile\systemDictionary.cpp, line 210]
Event: 18.081 Thread 0x0000000017e39000 Exception <a 'java/lang/ClassNotFoundException': build_36p47vgafc9113am1bt7q0odbCustomizer> (0x00000000f8e284d8) thrown at [C:\re\workspace\8-2-build-windows-amd64-cygwin\jdk8u211\12973\hotspot\src\share\vm\classfile\systemDictionary.cpp, line 210]
Event: 18.104 Thread 0x0000000017e39000 Exception <a 'java/lang/ClassNotFoundException': build_36p47vgafc9113am1bt7q0odbBeanInfo> (0x00000000f8eb2ef0) thrown at [C:\re\workspace\8-2-build-windows-amd64-cygwin\jdk8u211\12973\hotspot\src\share\vm\classfile\systemDictionary.cpp, line 210]
Event: 18.105 Thread 0x0000000017e39000 Exception <a 'java/lang/ClassNotFoundException': build_36p47vgafc9113am1bt7q0odbCustomizer> (0x00000000f8ebfdd0) thrown at [C:\re\workspace\8-2-build-windows-amd64-cygwin\jdk8u211\12973\hotspot\src\share\vm\classfile\systemDictionary.cpp, line 210]
Event: 18.150 Thread 0x0000000017e39000 Exception <a 'java/lang/ClassNotFoundException': build_36p47vgafc9113am1bt7q0odb$_run_closure1BeanInfo> (0x00000000f9210760) thrown at [C:\re\workspace\8-2-build-windows-amd64-cygwin\jdk8u211\12973\hotspot\src\share\vm\classfile\systemDictionary.cpp, line
Event: 18.150 Thread 0x0000000017e39000 Exception <a 'java/lang/ClassNotFoundException': build_36p47vgafc9113am1bt7q0odb$_run_closure1Customizer> (0x00000000f92206d8) thrown at [C:\re\workspace\8-2-build-windows-amd64-cygwin\jdk8u211\12973\hotspot\src\share\vm\classfile\systemDictionary.cpp, li

Events (10 events):
Event: 18.148 loading class groovy/runtime/metaclass/build_36p47vgafc9113am1bt7q0odb$_run_closure1$_closure6MetaClass done
Event: 18.149 loading class build_36p47vgafc9113am1bt7q0odb$_run_closure1BeanInfo
Event: 18.149 loading class build_36p47vgafc9113am1bt7q0odb$_run_closure1BeanInfo done
Event: 18.150 loading class build_36p47vgafc9113am1bt7q0odb$_run_closure1BeanInfo
Event: 18.150 loading class build_36p47vgafc9113am1bt7q0odb$_run_closure1BeanInfo done
Event: 18.150 loading class build_36p47vgafc9113am1bt7q0odb$_run_closure1Customizer
Event: 18.150 loading class build_36p47vgafc9113am1bt7q0odb$_run_closure1Customizer done
Event: 18.150 loading class build_36p47vgafc9113am1bt7q0odb$_run_closure1Customizer
Event: 18.150 loading class build_36p47vgafc9113am1bt7q0odb$_run_closure1Customizer done
Event: 18.156 Executing VM operation: CollectForMetadataAllocation


Dynamic libraries:
0x00007ff61c010000 - 0x00007ff61c047000 	C:\Program Files\Java\jdk1.8.0_211\bin\java.exe
0x00007ff99f740000 - 0x00007ff99f930000 	C:\WINDOWS\SYSTEM32\ntdll.dll
0x00007ff99dcf0000 - 0x00007ff99dda2000 	C:\WINDOWS\System32\KERNEL32.DLL
0x00007ff99c750000 - 0x00007ff99c9f3000 	C:\WINDOWS\System32\KERNELBASE.dll
0x00007ff99e390000 - 0x00007ff99e433000 	C:\WINDOWS\System32\ADVAPI32.dll
0x00007ff99e9b0000 - 0x00007ff99ea4e000 	C:\WINDOWS\System32\msvcrt.dll
0x00007ff99dab0000 - 0x00007ff99db47000 	C:\WINDOWS\System32\sechost.dll
0x00007ff99f240000 - 0x00007ff99f360000 	C:\WINDOWS\System32\RPCRT4.dll
0x00007ff99db50000 - 0x00007ff99dce4000 	C:\WINDOWS\System32\USER32.dll
0x00007ff99ca00000 - 0x00007ff99ca21000 	C:\WINDOWS\System32\win32u.dll
0x00007ff99d0d0000 - 0x00007ff99d0f6000 	C:\WINDOWS\System32\GDI32.dll
0x00007ff99bd90000 - 0x00007ff99bf24000 	C:\WINDOWS\System32\gdi32full.dll
0x00007ff99c6b0000 - 0x00007ff99c74e000 	C:\WINDOWS\System32\msvcp_win.dll
0x00007ff99cce0000 - 0x00007ff99cdda000 	C:\WINDOWS\System32\ucrtbase.dll
0x00007ff993e00000 - 0x00007ff994085000 	C:\WINDOWS\WinSxS\amd64_microsoft.windows.common-controls_6595b64144ccf1df_6.0.18362.778_none_e6c6b761130d4fb8\COMCTL32.dll
0x00007ff99f390000 - 0x00007ff99f6c6000 	C:\WINDOWS\System32\combase.dll
0x00007ff99cc60000 - 0x00007ff99cce0000 	C:\WINDOWS\System32\bcryptPrimitives.dll
0x00007ff99f360000 - 0x00007ff99f38e000 	C:\WINDOWS\System32\IMM32.DLL
0x00000000728a0000 - 0x0000000072972000 	C:\Program Files\Java\jdk1.8.0_211\jre\bin\msvcr100.dll
0x000000006f140000 - 0x000000006f9e5000 	C:\Program Files\Java\jdk1.8.0_211\jre\bin\server\jvm.dll
0x00007ff99f120000 - 0x00007ff99f128000 	C:\WINDOWS\System32\PSAPI.DLL
0x00007ff996f00000 - 0x00007ff996f0a000 	C:\WINDOWS\SYSTEM32\VERSION.dll
0x00007ff999d10000 - 0x00007ff999d34000 	C:\WINDOWS\SYSTEM32\WINMM.dll
0x00007ff994de0000 - 0x00007ff994de9000 	C:\WINDOWS\SYSTEM32\WSOCK32.dll
0x00007ff99e320000 - 0x00007ff99e38f000 	C:\WINDOWS\System32\WS2_32.dll
0x00007ff999ce0000 - 0x00007ff999d0d000 	C:\WINDOWS\SYSTEM32\WINMMBASE.dll
0x00007ff99cde0000 - 0x00007ff99ce2a000 	C:\WINDOWS\System32\cfgmgr32.dll
0x00007ff994dd0000 - 0x00007ff994ddf000 	C:\Program Files\Java\jdk1.8.0_211\jre\bin\verify.dll
0x00007ff994da0000 - 0x00007ff994dc9000 	C:\Program Files\Java\jdk1.8.0_211\jre\bin\java.dll
0x00007ff994d80000 - 0x00007ff994d96000 	C:\Program Files\Java\jdk1.8.0_211\jre\bin\zip.dll
0x00007ff99d1d0000 - 0x00007ff99d8b5000 	C:\WINDOWS\System32\SHELL32.dll
0x00007ff99f070000 - 0x00007ff99f119000 	C:\WINDOWS\System32\shcore.dll
0x00007ff99bf30000 - 0x00007ff99c6b0000 	C:\WINDOWS\System32\windows.storage.dll
0x00007ff99bc70000 - 0x00007ff99bc93000 	C:\WINDOWS\System32\profapi.dll
0x00007ff99bca0000 - 0x00007ff99bcea000 	C:\WINDOWS\System32\powrprof.dll
0x00007ff99bc40000 - 0x00007ff99bc50000 	C:\WINDOWS\System32\UMPDC.dll
0x00007ff99e940000 - 0x00007ff99e992000 	C:\WINDOWS\System32\shlwapi.dll
0x00007ff99bcf0000 - 0x00007ff99bd01000 	C:\WINDOWS\System32\kernel.appcore.dll
0x00007ff99bd70000 - 0x00007ff99bd87000 	C:\WINDOWS\System32\cryptsp.dll
0x00007ff994d60000 - 0x00007ff994d7a000 	C:\Program Files\Java\jdk1.8.0_211\jre\bin\net.dll
0x00007ff99d8c0000 - 0x00007ff99da95000 	C:\WINDOWS\System32\urlmon.dll
0x00007ff99dff0000 - 0x00007ff99e296000 	C:\WINDOWS\System32\iertutil.dll
0x00007ff99b5e0000 - 0x00007ff99b5ec000 	C:\WINDOWS\SYSTEM32\CRYPTBASE.DLL
0x00007ff99b460000 - 0x00007ff99b4c7000 	C:\WINDOWS\system32\mswsock.dll
0x00007ff994d40000 - 0x00007ff994d52000 	C:\Program Files\Java\jdk1.8.0_211\jre\bin\nio.dll
0x00007ff994d10000 - 0x00007ff994d36000 	C:\Users\tiago.vaz\.gradle\native\30\windows-amd64\native-platform.dll
0x00007ff994cf0000 - 0x00007ff994cfd000 	C:\Program Files\Java\jdk1.8.0_211\jre\bin\management.dll
0x00007ff99afe0000 - 0x00007ff99b013000 	C:\WINDOWS\system32\rsaenh.dll
0x00007ff99cc30000 - 0x00007ff99cc56000 	C:\WINDOWS\System32\bcrypt.dll
0x00007ff99bb60000 - 0x00007ff99bb85000 	C:\WINDOWS\SYSTEM32\USERENV.dll
0x00007ff99b180000 - 0x00007ff99b1ba000 	C:\WINDOWS\SYSTEM32\IPHLPAPI.DLL
0x00007ff99daa0000 - 0x00007ff99daa8000 	C:\WINDOWS\System32\NSI.dll
0x00007ff997da0000 - 0x00007ff997db6000 	C:\WINDOWS\SYSTEM32\dhcpcsvc6.DLL
0x00007ff997b50000 - 0x00007ff997b6c000 	C:\WINDOWS\SYSTEM32\dhcpcsvc.DLL
0x00007ff99b1c0000 - 0x00007ff99b28a000 	C:\WINDOWS\SYSTEM32\DNSAPI.dll
0x00007ff985ea0000 - 0x00007ff986094000 	C:\WINDOWS\SYSTEM32\dbghelp.dll

VM Arguments:
jvm_args: -XX:MaxMetaspaceSize=256m -XX:+HeapDumpOnOutOfMemoryError -Xms256m -Xmx512m -Dfile.encoding=windows-1252 -Duser.country=BR -Duser.language=pt -Duser.variant 
java_command: org.gradle.launcher.daemon.bootstrap.GradleDaemon 6.0.1
java_class_path (initial): C:\Users\tiago.vaz\.gradle\wrapper\dists\gradle-6.0.1-all\99d3u8wxs16ndehh90lbbir67\gradle-6.0.1\lib\gradle-launcher-6.0.1.jar
Launcher Type: SUN_STANDARD

Environment Variables:
JAVA_HOME=C:\Program Files\Java\jdk1.8.0_211
CLASSPATH=E:\Things\Estudos\GoStack-11\GoBarber2.0\mobile\android\\gradle\wrapper\gradle-wrapper.jar
PATH=E:\Things\Estudos\GoStack-11\GoBarber2.0\mobile\android\node_modules\.bin;E:\Things\Estudos\GoStack-11\GoBarber2.0\mobile\node_modules\.bin;E:\Things\Estudos\GoStack-11\GoBarber2.0\node_modules\.bin;E:\Things\Estudos\GoStack-11\node_modules\.bin;E:\Things\Estudos\node_modules\.bin;E:\Things\node_modules\.bin;E:\node_modules\.bin;C:\Program Files\nodejs;C:\Users\tiago.vaz\AppData\Local\Temp\yarn--1588155900800-0.639140650782521;E:\Things\Estudos\GoStack-11\GoBarber2.0\mobile\node_modules\.bin;C:\Users\tiago.vaz\AppData\Local\Yarn\Data\link\node_modules\.bin;C:\Program Files\libexec\lib\node_modules\npm\bin\node-gyp-bin;C:\Program Files\lib\node_modules\npm\bin\node-gyp-bin;C:\Program Files\nodejs\node_modules\npm\bin\node-gyp-bin;C:\Python27\;C:\Python27\Scripts;C:\WINDOWS\system32;C:\WINDOWS;C:\WINDOWS\System32\Wbem;C:\WINDOWS\System32\WindowsPowerShell\v1.0\;C:\WINDOWS\System32\OpenSSH\;C:\Program Files\Microsoft SQL Server\130\Tools\Binn\;C:\Program Files\Microsoft SQL Server\Client SDK\ODBC\170\Tools\Binn\;C:\Program Files\nodejs\;C:\ProgramData\chocolatey\bin;C:\Program Files (x86)\Yarn\bin\;C:\Program Files (x86)\Microsoft SQL Server\150\DTS\Binn\;C:\Program Files\TortoiseSVN\bin;C:\Program Files\Microsoft\Web Platform Installer\;E:\Programas\WinMerge;E:\Programas\Git\cmd;C:\Program Files\dotnet\;C:\Program Files (x86)\Microsoft SQL Server\150\Tools\Binn\;C:\Program Files\Microsoft SQL Server\150\Tools\Binn\;C:\Program Files\Microsoft SQL Server\150\DTS\Binn\;C:\Program Files\Docker\Docker\resources\bin;C:\ProgramData\DockerDesktop\version-bin;C:\Program Files\Java\jdk1.8.0_211\bin;C:\Android\Sdk\emulator;C:\Android\Sdk\tools;C:\Android\Sdk\tools\bin;C:\Android\Sdk\platform-tools;C:\Users\tiago.vaz\AppData\Local\Microsoft\WindowsApps;;C:\Users\tiago.vaz\AppData\Local\Programs\Microsoft VS Code\bin;C:\Users\tiago.vaz\AppData\Roaming\npm;C:\Users\tiago.vaz\AppData\Local\Yarn\bin
USERNAME=tiago.vaz
OS=Windows_NT
PROCESSOR_IDENTIFIER=Intel64 Family 6 Model 42 Stepping 7, GenuineIntel



---------------  S Y S T E M  ---------------

OS: Windows 10.0 , 64 bit Build 18362 (10.0.18362.778)

CPU:total 4 (initial active 4) (4 cores per cpu, 1 threads per core) family 6 model 42 stepping 7, cmov, cx8, fxsr, mmx, sse, sse2, sse3, ssse3, sse4.1, sse4.2, popcnt, avx, aes, clmul, tsc, tscinvbit

Memory: 4k page, physical 8344624k(2335372k free), swap 16733232k(8334484k free)

vm_info: Java HotSpot(TM) 64-Bit Server VM (25.211-b12) for windows-amd64 JRE (1.8.0_211-b12), built on Apr  1 2019 20:53:26 by "java_re" with MS VC++ 10.0 (VS2010)

time: Wed Apr 29 07:25:42 2020
timezone: Hora oficial do Brasil
elapsed time: 18 seconds (0d 0h 0m 18s)

